<?xml version="1.0" encoding="UTF-8"?>
<testsuite xmlns:xsi="http://www.w3.org/2001/XMLSchema-instance" xsi:noNamespaceSchemaLocation="https://maven.apache.org/surefire/maven-surefire-plugin/xsd/surefire-test-report-3.0.xsd" version="3.0" name="com.test.MiniAppTest" time="24.1" tests="27" errors="0" skipped="0" failures="0">
  <properties>
[...]
</properties>
  <testcase name="testInitializationDatabaseConnection" classname="com.test.MiniAppTest" time="1.008">
    <system-err><![CDATA[Failed to initialize logging: Permission denied
Database connection failed: Communications link failure

The last packet sent successfully to the server was 0 milliseconds ago. The driver has not received any packets from the server.
]]></system-err>
  </testcase>
  <testcase name="testServerStartupPort" classname="com.test.MiniAppTest" time="1.003">
    <system-err><![CDATA[Failed to initialize logging: Permission denied
Database connection failed: Communications link failure

The last packet sent successfully to the server was 0 milliseconds ago. The driver has not received any packets from the server.
]]></system-err>
  </testcase>
  <testcase name="testInstanceIndependence" classname="com.test.MiniAppTest" time="0.001"/>
  <testcase name="testMainExecutionTime" classname="com.test.MiniAppTest" time="1.007">
    <system-err><![CDATA[Failed to initialize logging: Permission denied
Database connection failed: Communications link failure

The last packet sent successfully to the server was 0 milliseconds ago. The driver has not received any packets from the server.
]]></system-err>
  </testcase>
  <testcase name="testMainWithArgs" classname="com.test.MiniAppTest" time="1.003">
    <system-err><![CDATA[Failed to initialize logging: Permission denied
Database connection failed: Communications link failure

The last packet sent successfully to the server was 0 milliseconds ago. The driver has not received any packets from the server.
]]></system-err>
  </testcase>
  <testcase name="testInitializationLoggingSetup" classname="com.test.MiniAppTest" time="1.002">
    <system-err><![CDATA[Failed to initialize logging: Permission denied
Database connection failed: Communications link failure

The last packet sent successfully to the server was 0 milliseconds ago. The driver has not received any packets from the server.
]]></system-err>
  </testcase>
  <testcase name="testHandlesMissingConfigFile" classname="com.test.MiniAppTest" time="1.003">
    <system-err><![CDATA[Failed to initialize logging: Permission denied
Database connection failed: Communications link failure

The last packet sent successfully to the server was 0 milliseconds ago. The driver has not received any packets from the server.
]]></system-err>
  </testcase>
  <testcase name="testProducesConsoleOutput" classname="com.test.MiniAppTest" time="1.003">
    <system-err><![CDATA[Failed to initialize logging: Permission denied
Database connection failed: Communications link failure

The last packet sent successfully to the server was 0 milliseconds ago. The driver has not received any packets from the server.
]]></system-err>
  </testcase>
  <testcase name="testHandlesMissingLogDirectory" classname="com.test.MiniAppTest" time="1.003">
    <system-err><![CDATA[Failed to initialize logging: Permission denied
Database connection failed: Communications link failure

The last packet sent successfully to the server was 0 milliseconds ago. The driver has not received any packets from the server.
]]></system-err>
  </testcase>
  <testcase name="testMainInitializesApplication" classname="com.test.MiniAppTest" time="1.003">
    <system-err><![CDATA[Failed to initialize logging: Permission denied
Database connection failed: Communications link failure

The last packet sent successfully to the server was 0 milliseconds ago. The driver has not received any packets from the server.
]]></system-err>
  </testcase>
  <testcase name="testMainPrintsStartupMessage" classname="com.test.MiniAppTest" time="1.003">
    <system-err><![CDATA[Failed to initialize logging: Permission denied
Database connection failed: Communications link failure

The last packet sent successfully to the server was 0 milliseconds ago. The driver has not received any packets from the server.
]]></system-err>
  </testcase>
  <testcase name="testMainCompleteFlow" classname="com.test.MiniAppTest" time="1.003">
    <system-err><![CDATA[Failed to initialize logging: Permission denied
Database connection failed: Communications link failure

The last packet sent successfully to the server was 0 milliseconds ago. The driver has not received any packets from the server.
]]></system-err>
  </testcase>
  <testcase name="testHardcodedValues" classname="com.test.MiniAppTest" time="1.003">
    <system-err><![CDATA[Failed to initialize logging: Permission denied
Database connection failed: Communications link failure

The last packet sent successfully to the server was 0 milliseconds ago. The driver has not received any packets from the server.
]]></system-err>
  </testcase>
  <testcase name="testMainStartsServer" classname="com.test.MiniAppTest" time="1.003">
    <system-err><![CDATA[Failed to initialize logging: Permission denied
Database connection failed: Communications link failure

The last packet sent successfully to the server was 0 milliseconds ago. The driver has not received any packets from the server.
]]></system-err>
  </testcase>
  <testcase name="testObjectCreation" classname="com.test.MiniAppTest" time="0.001"/>
  <testcase name="testMultipleInstances" classname="com.test.MiniAppTest" time="0"/>
  <testcase name="testHandlesPortInUse" classname="com.test.MiniAppTest" time="1.002">
    <system-err><![CDATA[Failed to initialize logging: Permission denied
Database connection failed: Communications link failure

The last packet sent successfully to the server was 0 milliseconds ago. The driver has not received any packets from the server.
]]></system-err>
  </testcase>
  <testcase name="testStartupMessageFormat" classname="com.test.MiniAppTest" time="1.003">
    <system-err><![CDATA[Failed to initialize logging: Permission denied
Database connection failed: Communications link failure

The last packet sent successfully to the server was 0 milliseconds ago. The driver has not received any packets from the server.
]]></system-err>
  </testcase>
  <testcase name="testMainWithNullArgs" classname="com.test.MiniAppTest" time="1.003">
    <system-err><![CDATA[Failed to initialize logging: Permission denied
Database connection failed: Communications link failure

The last packet sent successfully to the server was 0 milliseconds ago. The driver has not received any packets from the server.
]]></system-err>
  </testcase>
  <testcase name="testConcurrentExecutions" classname="com.test.MiniAppTest" time="1.003">
    <system-err><![CDATA[Failed to initialize logging: Permission denied
Failed to initialize logging: Permission denied
Database connection failed: Communications link failure

The last packet sent successfully to the server was 0 milliseconds ago. The driver has not received any packets from the server.
Database connection failed: Communications link failure

The last packet sent successfully to the server was 0 milliseconds ago. The driver has not received any packets from the server.
Failed to start server: Address already in use
]]></system-err>
  </testcase>
  <testcase name="testMainWithSingleArg" classname="com.test.MiniAppTest" time="1.002">
    <system-err><![CDATA[Failed to initialize logging: Permission denied
Database connection failed: Communications link failure

The last packet sent successfully to the server was 0 milliseconds ago. The driver has not received any packets from the server.
]]></system-err>
  </testcase>
  <testcase name="testMiniAppConstructor" classname="com.test.MiniAppTest" time="0.001"/>
  <testcase name="testMainWithEmptyArgs" classname="com.test.MiniAppTest" time="1.003">
    <system-err><![CDATA[Failed to initialize logging: Permission denied
Database connection failed: Communications link failure

The last packet sent successfully to the server was 0 milliseconds ago. The driver has not received any packets from the server.
]]></system-err>
  </testcase>
  <testcase name="testMainWithSpecialCharacterArgs" classname="com.test.MiniAppTest" time="1.003">
    <system-err><![CDATA[Failed to initialize logging: Permission denied
Database connection failed: Communications link failure

The last packet sent successfully to the server was 0 milliseconds ago. The driver has not received any packets from the server.
]]></system-err>
  </testcase>
  <testcase name="testMainWithMultipleArgs" classname="com.test.MiniAppTest" time="1.002">
    <system-err><![CDATA[Failed to initialize logging: Permission denied
Database connection failed: Communications link failure

The last packet sent successfully to the server was 0 milliseconds ago. The driver has not received any packets from the server.
]]></system-err>
  </testcase>
  <testcase name="testInitializationConfigurationLoading" classname="com.test.MiniAppTest" time="1.002">
    <system-err><![CDATA[Failed to initialize logging: Permission denied
Database connection failed: Communications link failure

The last packet sent successfully to the server was 0 milliseconds ago. The driver has not received any packets from the server.
]]></system-err>
  </testcase>
  <testcase name="testMainMultipleInvocations" classname="com.test.MiniAppTest" time="2.004">
    <system-err><![CDATA[Failed to initialize logging: Permission denied
Database connection failed: Communications link failure

The last packet sent successfully to the server was 0 milliseconds ago. The driver has not received any packets from the server.
Failed to initialize logging: Permission denied
Database connection failed: Communications link failure

The last packet sent successfully to the server was 0 milliseconds ago. The driver has not received any packets from the server.
]]></system-err>
  </testcase>
</testsuite>