<?xml version="1.0" encoding="UTF-8"?>
<testsuite xmlns:xsi="http://www.w3.org/2001/XMLSchema-instance" xsi:noNamespaceSchemaLocation="https://maven.apache.org/surefire/maven-surefire-plugin/xsd/surefire-test-report-3.0.xsd" version="3.0" name="com.test.DatabaseServiceTest" time="0.016" tests="5" errors="0" skipped="0" failures="0">
  <properties>
[...]
</properties>
  <testcase name="testExecuteQuery" classname="com.test.DatabaseServiceTest" time="0.003">
    <system-out><![CDATA[Connecting to database...
]]></system-out>
    <system-err><![CDATA[Database connection failed: Communications link failure

The last packet sent successfully to the server was 0 milliseconds ago. The driver has not received any packets from the server.
]]></system-err>
  </testcase>
  <testcase name="testDisconnect" classname="com.test.DatabaseServiceTest" time="0.002">
    <system-out><![CDATA[Connecting to database...
]]></system-out>
    <system-err><![CDATA[Database connection failed: Communications link failure

The last packet sent successfully to the server was 0 milliseconds ago. The driver has not received any packets from the server.
]]></system-err>
  </testcase>
  <testcase name="testConnectMethod" classname="com.test.DatabaseServiceTest" time="0.002">
    <system-out><![CDATA[Connecting to database...
]]></system-out>
    <system-err><![CDATA[Database connection failed: Communications link failure

The last packet sent successfully to the server was 0 milliseconds ago. The driver has not received any packets from the server.
]]></system-err>
  </testcase>
  <testcase name="testDatabaseServiceCreation" classname="com.test.DatabaseServiceTest" time="0.001"/>
  <testcase name="testMultipleConnections" classname="com.test.DatabaseServiceTest" time="0.004">
    <system-out><![CDATA[Connecting to database...
Connecting to database...
]]></system-out>
    <system-err><![CDATA[Database connection failed: Communications link failure

The last packet sent successfully to the server was 0 milliseconds ago. The driver has not received any packets from the server.
Database connection failed: Communications link failure

The last packet sent successfully to the server was 0 milliseconds ago. The driver has not received any packets from the server.
]]></system-err>
  </testcase>
</testsuite>