<?xml version="1.0" encoding="UTF-8"?>
<testsuite xmlns:xsi="http://www.w3.org/2001/XMLSchema-instance" xsi:noNamespaceSchemaLocation="https://maven.apache.org/surefire/maven-surefire-plugin/xsd/surefire-test-report.xsd" name="com.test.DatabaseServiceTest" time="0.242" tests="19" errors="0" skipped="0" failures="0">
  <properties>
[...]
</properties>
  <testcase name="testExecuteQueryWithEmptyString" classname="com.test.DatabaseServiceTest" time="0.199"/>
  <testcase name="testCompleteWorkflow" classname="com.test.DatabaseServiceTest" time="0.002"/>
  <testcase name="testDisconnectWithoutConnection" classname="com.test.DatabaseServiceTest" time="0"/>
  <testcase name="testMultipleDisconnectCalls" classname="com.test.DatabaseServiceTest" time="0.002"/>
  <testcase name="testMultipleQueryExecutions" classname="com.test.DatabaseServiceTest" time="0.002"/>
  <testcase name="testVeryLongSQLQuery" classname="com.test.DatabaseServiceTest" time="0.002"/>
  <testcase name="testExecuteQueryWithNullConnection" classname="com.test.DatabaseServiceTest" time="0"/>
  <testcase name="testDisconnectAfterConnection" classname="com.test.DatabaseServiceTest" time="0.002"/>
  <testcase name="testConnectWithInvalidCredentials" classname="com.test.DatabaseServiceTest" time="0.002"/>
  <testcase name="testQueryWithSpecialCharacters" classname="com.test.DatabaseServiceTest" time="0.002"/>
  <testcase name="testConnect" classname="com.test.DatabaseServiceTest" time="0.002"/>
  <testcase name="testExecuteQueryWithInvalidSQL" classname="com.test.DatabaseServiceTest" time="0.001"/>
  <testcase name="testReconnection" classname="com.test.DatabaseServiceTest" time="0.002"/>
  <testcase name="testExecuteQueryWithNullSQL" classname="com.test.DatabaseServiceTest" time="0.001"/>
  <testcase name="testExecuteQueryAfterDisconnect" classname="com.test.DatabaseServiceTest" time="0.001"/>
  <testcase name="testExecuteQueryWithValidSQL" classname="com.test.DatabaseServiceTest" time="0.002"/>
  <testcase name="testExecuteQueryWithComplexSQL" classname="com.test.DatabaseServiceTest" time="0.001"/>
  <testcase name="testConstructor" classname="com.test.DatabaseServiceTest" time="0.001"/>
  <testcase name="testSQLInjectionAttempt" classname="com.test.DatabaseServiceTest" time="0.002"/>
</testsuite>